1505558321384	geckodriver	INFO	geckodriver 0.18.0
1505558321391	geckodriver	INFO	Listening on 127.0.0.1:55521
1505558322550	geckodriver::marionette	INFO	Starting browser /usr/bin/firefox with args ["-marionette"]
1505558327641	Marionette	INFO	Listening on port 37753
1505558327709	Marionette	WARN	TLS certificate errors will be ignored for this session
1505558395230	geckodriver	INFO	geckodriver 0.18.0
1505558395234	geckodriver	INFO	Listening on 127.0.0.1:57417
1505558395396	geckodriver::marionette	INFO	Starting browser /usr/bin/firefox with args ["-marionette"]
1505558400292	Marionette	INFO	Listening on port 36055
1505558400366	Marionette	WARN	TLS certificate errors will be ignored for this session
1505558445332	geckodriver	INFO	geckodriver 0.18.0
1505558445338	geckodriver	INFO	Listening on 127.0.0.1:58653
1505558446495	geckodriver::marionette	INFO	Starting browser /usr/bin/firefox with args ["-marionette"]
1505558448721	Marionette	INFO	Ceased listening
1505558450682	Marionette	INFO	Ceased listening
1505558452271	Marionette	INFO	Listening on port 43561
1505558452350	Marionette	WARN	TLS certificate errors will be ignored for this session
1505558476820	geckodriver	INFO	geckodriver 0.18.0
1505558476827	geckodriver	INFO	Listening on 127.0.0.1:59463
1505558477996	geckodriver::marionette	INFO	Starting browser /usr/bin/firefox with args ["-marionette"]
1505558483190	Marionette	INFO	Listening on port 39677
1505558483309	Marionette	WARN	TLS certificate errors will be ignored for this session
1505558548985	Marionette	INFO	Ceased listening
1505558551004	Marionette	INFO	Ceased listening
1505830260562	geckodriver	INFO	geckodriver 0.18.0
1505830260589	geckodriver	INFO	Listening on 127.0.0.1:44043
1505830260886	geckodriver::marionette	INFO	Starting browser /usr/bin/firefox with args ["-marionette"]
1505830270877	Marionette	INFO	Listening on port 45703
1505830271107	Marionette	WARN	TLS certificate errors will be ignored for this session
JavaScript error: https://www.jecjabalpur.ac.in/ScriptResource.axd?d=6XXHstP0cD3UcTatH_LEA2FzUrG-gHVPI5NjTqVfm8ae0REGqT3l6F0onOZ8bk2gxbqv79zLUxVbX7JT18APKiMv0LQUSngAlBj83rUQ4N6oVGKtvEiRrv3kv5hpJxV1e4-pvCL74poq-GKiy8zj4poR32E1&t=634259264654344891 line 97 > Function, line 4: ReferenceError: RestrictSpecialChar is not defined
JavaScript error: https://www.jecjabalpur.ac.in/ScriptResource.axd?d=6XXHstP0cD3UcTatH_LEA2FzUrG-gHVPI5NjTqVfm8ae0REGqT3l6F0onOZ8bk2gxbqv79zLUxVbX7JT18APKiMv0LQUSngAlBj83rUQ4N6oVGKtvEiRrv3kv5hpJxV1e4-pvCL74poq-GKiy8zj4poR32E1&t=634259264654344891 line 97 > Function, line 4: ReferenceError: RestrictSpecialChar is not defined
JavaScript error: https://www.jecjabalpur.ac.in/ScriptResource.axd?d=6XXHstP0cD3UcTatH_LEA2FzUrG-gHVPI5NjTqVfm8ae0REGqT3l6F0onOZ8bk2gxbqv79zLUxVbX7JT18APKiMv0LQUSngAlBj83rUQ4N6oVGKtvEiRrv3kv5hpJxV1e4-pvCL74poq-GKiy8zj4poR32E1&t=634259264654344891 line 97 > Function, line 4: ReferenceError: RestrictSpecialChar is not defined
JavaScript error: https://www.jecjabalpur.ac.in/ScriptResource.axd?d=6XXHstP0cD3UcTatH_LEA2FzUrG-gHVPI5NjTqVfm8ae0REGqT3l6F0onOZ8bk2gxbqv79zLUxVbX7JT18APKiMv0LQUSngAlBj83rUQ4N6oVGKtvEiRrv3kv5hpJxV1e4-pvCL74poq-GKiy8zj4poR32E1&t=634259264654344891 line 97 > Function, line 4: ReferenceError: RestrictSpecialChar is not defined
JavaScript error: https://www.jecjabalpur.ac.in/ScriptResource.axd?d=6XXHstP0cD3UcTatH_LEA2FzUrG-gHVPI5NjTqVfm8ae0REGqT3l6F0onOZ8bk2gxbqv79zLUxVbX7JT18APKiMv0LQUSngAlBj83rUQ4N6oVGKtvEiRrv3kv5hpJxV1e4-pvCL74poq-GKiy8zj4poR32E1&t=634259264654344891 line 97 > Function, line 4: ReferenceError: RestrictSpecialChar is not defined
JavaScript error: https://www.jecjabalpur.ac.in/ScriptResource.axd?d=6XXHstP0cD3UcTatH_LEA2FzUrG-gHVPI5NjTqVfm8ae0REGqT3l6F0onOZ8bk2gxbqv79zLUxVbX7JT18APKiMv0LQUSngAlBj83rUQ4N6oVGKtvEiRrv3kv5hpJxV1e4-pvCL74poq-GKiy8zj4poR32E1&t=634259264654344891 line 97 > Function, line 4: ReferenceError: RestrictSpecialChar is not defined
JavaScript error: https://www.jecjabalpur.ac.in/ScriptResource.axd?d=6XXHstP0cD3UcTatH_LEA2FzUrG-gHVPI5NjTqVfm8ae0REGqT3l6F0onOZ8bk2gxbqv79zLUxVbX7JT18APKiMv0LQUSngAlBj83rUQ4N6oVGKtvEiRrv3kv5hpJxV1e4-pvCL74poq-GKiy8zj4poR32E1&t=634259264654344891 line 97 > Function, line 4: ReferenceError: RestrictSpecialChar is not defined
JavaScript error: https://www.jecjabalpur.ac.in/ScriptResource.axd?d=6XXHstP0cD3UcTatH_LEA2FzUrG-gHVPI5NjTqVfm8ae0REGqT3l6F0onOZ8bk2gxbqv79zLUxVbX7JT18APKiMv0LQUSngAlBj83rUQ4N6oVGKtvEiRrv3kv5hpJxV1e4-pvCL74poq-GKiy8zj4poR32E1&t=634259264654344891 line 97 > Function, line 4: ReferenceError: RestrictSpecialChar is not defined
JavaScript error: https://www.jecjabalpur.ac.in/ScriptResource.axd?d=6XXHstP0cD3UcTatH_LEA2FzUrG-gHVPI5NjTqVfm8ae0REGqT3l6F0onOZ8bk2gxbqv79zLUxVbX7JT18APKiMv0LQUSngAlBj83rUQ4N6oVGKtvEiRrv3kv5hpJxV1e4-pvCL74poq-GKiy8zj4poR32E1&t=634259264654344891 line 97 > Function, line 4: ReferenceError: RestrictSpecialChar is not defined
JavaScript error: https://www.jecjabalpur.ac.in/ScriptResource.axd?d=6XXHstP0cD3UcTatH_LEA2FzUrG-gHVPI5NjTqVfm8ae0REGqT3l6F0onOZ8bk2gxbqv79zLUxVbX7JT18APKiMv0LQUSngAlBj83rUQ4N6oVGKtvEiRrv3kv5hpJxV1e4-pvCL74poq-GKiy8zj4poR32E1&t=634259264654344891 line 97 > Function, line 4: ReferenceError: RestrictSpecialChar is not defined
JavaScript error: https://www.jecjabalpur.ac.in/ScriptResource.axd?d=6XXHstP0cD3UcTatH_LEA2FzUrG-gHVPI5NjTqVfm8ae0REGqT3l6F0onOZ8bk2gxbqv79zLUxVbX7JT18APKiMv0LQUSngAlBj83rUQ4N6oVGKtvEiRrv3kv5hpJxV1e4-pvCL74poq-GKiy8zj4poR32E1&t=634259264654344891 line 97 > Function, line 4: ReferenceError: RestrictSpecialChar is not defined
JavaScript error: https://www.jecjabalpur.ac.in/ScriptResource.axd?d=6XXHstP0cD3UcTatH_LEA2FzUrG-gHVPI5NjTqVfm8ae0REGqT3l6F0onOZ8bk2gxbqv79zLUxVbX7JT18APKiMv0LQUSngAlBj83rUQ4N6oVGKtvEiRrv3kv5hpJxV1e4-pvCL74poq-GKiy8zj4poR32E1&t=634259264654344891 line 97 > Function, line 4: ReferenceError: RestrictSpecialChar is not defined
JavaScript error: https://www.jecjabalpur.ac.in/ScriptResource.axd?d=6XXHstP0cD3UcTatH_LEA2FzUrG-gHVPI5NjTqVfm8ae0REGqT3l6F0onOZ8bk2gxbqv79zLUxVbX7JT18APKiMv0LQUSngAlBj83rUQ4N6oVGKtvEiRrv3kv5hpJxV1e4-pvCL74poq-GKiy8zj4poR32E1&t=634259264654344891 line 97 > Function, line 4: ReferenceError: RestrictSpecialChar is not defined
JavaScript error: https://www.jecjabalpur.ac.in/ScriptResource.axd?d=6XXHstP0cD3UcTatH_LEA2FzUrG-gHVPI5NjTqVfm8ae0REGqT3l6F0onOZ8bk2gxbqv79zLUxVbX7JT18APKiMv0LQUSngAlBj83rUQ4N6oVGKtvEiRrv3kv5hpJxV1e4-pvCL74poq-GKiy8zj4poR32E1&t=634259264654344891 line 97 > Function, line 4: ReferenceError: RestrictSpecialChar is not defined
JavaScript error: https://www.jecjabalpur.ac.in/ScriptResource.axd?d=6XXHstP0cD3UcTatH_LEA2FzUrG-gHVPI5NjTqVfm8ae0REGqT3l6F0onOZ8bk2gxbqv79zLUxVbX7JT18APKiMv0LQUSngAlBj83rUQ4N6oVGKtvEiRrv3kv5hpJxV1e4-pvCL74poq-GKiy8zj4poR32E1&t=634259264654344891 line 97 > Function, line 4: ReferenceError: RestrictSpecialChar is not defined
JavaScript error: https://www.jecjabalpur.ac.in/ScriptResource.axd?d=6XXHstP0cD3UcTatH_LEA2FzUrG-gHVPI5NjTqVfm8ae0REGqT3l6F0onOZ8bk2gxbqv79zLUxVbX7JT18APKiMv0LQUSngAlBj83rUQ4N6oVGKtvEiRrv3kv5hpJxV1e4-pvCL74poq-GKiy8zj4poR32E1&t=634259264654344891 line 97 > Function, line 4: ReferenceError: RestrictSpecialChar is not defined
JavaScript error: https://www.jecjabalpur.ac.in/ScriptResource.axd?d=6XXHstP0cD3UcTatH_LEA2FzUrG-gHVPI5NjTqVfm8ae0REGqT3l6F0onOZ8bk2gxbqv79zLUxVbX7JT18APKiMv0LQUSngAlBj83rUQ4N6oVGKtvEiRrv3kv5hpJxV1e4-pvCL74poq-GKiy8zj4poR32E1&t=634259264654344891 line 97 > Function, line 4: ReferenceError: RestrictSpecialChar is not defined
JavaScript error: https://www.jecjabalpur.ac.in/ScriptResource.axd?d=6XXHstP0cD3UcTatH_LEA2FzUrG-gHVPI5NjTqVfm8ae0REGqT3l6F0onOZ8bk2gxbqv79zLUxVbX7JT18APKiMv0LQUSngAlBj83rUQ4N6oVGKtvEiRrv3kv5hpJxV1e4-pvCL74poq-GKiy8zj4poR32E1&t=634259264654344891 line 97 > Function, line 4: ReferenceError: RestrictSpecialChar is not defined
JavaScript error: https://www.jecjabalpur.ac.in/ScriptResource.axd?d=6XXHstP0cD3UcTatH_LEA2FzUrG-gHVPI5NjTqVfm8ae0REGqT3l6F0onOZ8bk2gxbqv79zLUxVbX7JT18APKiMv0LQUSngAlBj83rUQ4N6oVGKtvEiRrv3kv5hpJxV1e4-pvCL74poq-GKiy8zj4poR32E1&t=634259264654344891 line 97 > Function, line 4: ReferenceError: RestrictSpecialChar is not defined
JavaScript error: https://www.jecjabalpur.ac.in/ScriptResource.axd?d=6XXHstP0cD3UcTatH_LEA2FzUrG-gHVPI5NjTqVfm8ae0REGqT3l6F0onOZ8bk2gxbqv79zLUxVbX7JT18APKiMv0LQUSngAlBj83rUQ4N6oVGKtvEiRrv3kv5hpJxV1e4-pvCL74poq-GKiy8zj4poR32E1&t=634259264654344891 line 97 > Function, line 4: ReferenceError: RestrictSpecialChar is not defined
JavaScript error: https://www.jecjabalpur.ac.in/JS/start_demo.js, line 2: TypeError: document.getElementById(...) is null
*************************
A coding exception was thrown and uncaught in a Task.

Full message: TypeError: NetworkError when attempting to fetch resource.
Full stack: 
*************************
1505831116106	Marionette	INFO	Ceased listening
1506403627337	geckodriver	INFO	geckodriver 0.18.0
1506403627352	geckodriver	INFO	Listening on 127.0.0.1:50141
1506403627649	geckodriver::marionette	INFO	Starting browser /usr/bin/firefox with args ["-marionette"]
1506403633450	Marionette	INFO	Listening on port 39869
1506403633655	Marionette	WARN	TLS certificate errors will be ignored for this session
JavaScript error: https://www.jecjabalpur.ac.in/ScriptResource.axd?d=fvGPqJ11uiQX60R1GavZGE6ojg-fo8Ch8I7jjDuNvVf9ysf6J84zdCgCVqTGrpnbtcdc5yixGY_Qo-54yBRp6daZrS9HmGpaf7ldYBtOf71wdbqrG-tikitZVkhFlVA-Q7deFtYX5w-7G1xSnu5aQsliNvY1&t=634259264654344891 line 97 > Function, line 4: ReferenceError: RestrictSpecialChar is not defined
JavaScript error: https://www.jecjabalpur.ac.in/ScriptResource.axd?d=fvGPqJ11uiQX60R1GavZGE6ojg-fo8Ch8I7jjDuNvVf9ysf6J84zdCgCVqTGrpnbtcdc5yixGY_Qo-54yBRp6daZrS9HmGpaf7ldYBtOf71wdbqrG-tikitZVkhFlVA-Q7deFtYX5w-7G1xSnu5aQsliNvY1&t=634259264654344891 line 97 > Function, line 4: ReferenceError: RestrictSpecialChar is not defined
JavaScript error: https://www.jecjabalpur.ac.in/ScriptResource.axd?d=fvGPqJ11uiQX60R1GavZGE6ojg-fo8Ch8I7jjDuNvVf9ysf6J84zdCgCVqTGrpnbtcdc5yixGY_Qo-54yBRp6daZrS9HmGpaf7ldYBtOf71wdbqrG-tikitZVkhFlVA-Q7deFtYX5w-7G1xSnu5aQsliNvY1&t=634259264654344891 line 97 > Function, line 4: ReferenceError: RestrictSpecialChar is not defined
JavaScript error: https://www.jecjabalpur.ac.in/ScriptResource.axd?d=fvGPqJ11uiQX60R1GavZGE6ojg-fo8Ch8I7jjDuNvVf9ysf6J84zdCgCVqTGrpnbtcdc5yixGY_Qo-54yBRp6daZrS9HmGpaf7ldYBtOf71wdbqrG-tikitZVkhFlVA-Q7deFtYX5w-7G1xSnu5aQsliNvY1&t=634259264654344891 line 97 > Function, line 4: ReferenceError: RestrictSpecialChar is not defined
JavaScript error: https://www.jecjabalpur.ac.in/ScriptResource.axd?d=fvGPqJ11uiQX60R1GavZGE6ojg-fo8Ch8I7jjDuNvVf9ysf6J84zdCgCVqTGrpnbtcdc5yixGY_Qo-54yBRp6daZrS9HmGpaf7ldYBtOf71wdbqrG-tikitZVkhFlVA-Q7deFtYX5w-7G1xSnu5aQsliNvY1&t=634259264654344891 line 97 > Function, line 4: ReferenceError: RestrictSpecialChar is not defined
JavaScript error: https://www.jecjabalpur.ac.in/ScriptResource.axd?d=fvGPqJ11uiQX60R1GavZGE6ojg-fo8Ch8I7jjDuNvVf9ysf6J84zdCgCVqTGrpnbtcdc5yixGY_Qo-54yBRp6daZrS9HmGpaf7ldYBtOf71wdbqrG-tikitZVkhFlVA-Q7deFtYX5w-7G1xSnu5aQsliNvY1&t=634259264654344891 line 97 > Function, line 4: ReferenceError: RestrictSpecialChar is not defined
JavaScript error: https://www.jecjabalpur.ac.in/ScriptResource.axd?d=fvGPqJ11uiQX60R1GavZGE6ojg-fo8Ch8I7jjDuNvVf9ysf6J84zdCgCVqTGrpnbtcdc5yixGY_Qo-54yBRp6daZrS9HmGpaf7ldYBtOf71wdbqrG-tikitZVkhFlVA-Q7deFtYX5w-7G1xSnu5aQsliNvY1&t=634259264654344891 line 97 > Function, line 4: ReferenceError: RestrictSpecialChar is not defined
JavaScript error: https://www.jecjabalpur.ac.in/ScriptResource.axd?d=fvGPqJ11uiQX60R1GavZGE6ojg-fo8Ch8I7jjDuNvVf9ysf6J84zdCgCVqTGrpnbtcdc5yixGY_Qo-54yBRp6daZrS9HmGpaf7ldYBtOf71wdbqrG-tikitZVkhFlVA-Q7deFtYX5w-7G1xSnu5aQsliNvY1&t=634259264654344891 line 97 > Function, line 4: ReferenceError: RestrictSpecialChar is not defined
JavaScript error: https://www.jecjabalpur.ac.in/ScriptResource.axd?d=fvGPqJ11uiQX60R1GavZGE6ojg-fo8Ch8I7jjDuNvVf9ysf6J84zdCgCVqTGrpnbtcdc5yixGY_Qo-54yBRp6daZrS9HmGpaf7ldYBtOf71wdbqrG-tikitZVkhFlVA-Q7deFtYX5w-7G1xSnu5aQsliNvY1&t=634259264654344891 line 97 > Function, line 4: ReferenceError: RestrictSpecialChar is not defined
JavaScript error: https://www.jecjabalpur.ac.in/ScriptResource.axd?d=fvGPqJ11uiQX60R1GavZGE6ojg-fo8Ch8I7jjDuNvVf9ysf6J84zdCgCVqTGrpnbtcdc5yixGY_Qo-54yBRp6daZrS9HmGpaf7ldYBtOf71wdbqrG-tikitZVkhFlVA-Q7deFtYX5w-7G1xSnu5aQsliNvY1&t=634259264654344891 line 97 > Function, line 4: ReferenceError: RestrictSpecialChar is not defined
JavaScript error: https://www.jecjabalpur.ac.in/ScriptResource.axd?d=fvGPqJ11uiQX60R1GavZGE6ojg-fo8Ch8I7jjDuNvVf9ysf6J84zdCgCVqTGrpnbtcdc5yixGY_Qo-54yBRp6daZrS9HmGpaf7ldYBtOf71wdbqrG-tikitZVkhFlVA-Q7deFtYX5w-7G1xSnu5aQsliNvY1&t=634259264654344891 line 97 > Function, line 4: ReferenceError: RestrictSpecialChar is not defined
JavaScript error: https://www.jecjabalpur.ac.in/ScriptResource.axd?d=fvGPqJ11uiQX60R1GavZGE6ojg-fo8Ch8I7jjDuNvVf9ysf6J84zdCgCVqTGrpnbtcdc5yixGY_Qo-54yBRp6daZrS9HmGpaf7ldYBtOf71wdbqrG-tikitZVkhFlVA-Q7deFtYX5w-7G1xSnu5aQsliNvY1&t=634259264654344891 line 97 > Function, line 4: ReferenceError: RestrictSpecialChar is not defined
JavaScript error: https://www.jecjabalpur.ac.in/ScriptResource.axd?d=fvGPqJ11uiQX60R1GavZGE6ojg-fo8Ch8I7jjDuNvVf9ysf6J84zdCgCVqTGrpnbtcdc5yixGY_Qo-54yBRp6daZrS9HmGpaf7ldYBtOf71wdbqrG-tikitZVkhFlVA-Q7deFtYX5w-7G1xSnu5aQsliNvY1&t=634259264654344891 line 97 > Function, line 4: ReferenceError: RestrictSpecialChar is not defined
JavaScript error: https://www.jecjabalpur.ac.in/ScriptResource.axd?d=fvGPqJ11uiQX60R1GavZGE6ojg-fo8Ch8I7jjDuNvVf9ysf6J84zdCgCVqTGrpnbtcdc5yixGY_Qo-54yBRp6daZrS9HmGpaf7ldYBtOf71wdbqrG-tikitZVkhFlVA-Q7deFtYX5w-7G1xSnu5aQsliNvY1&t=634259264654344891 line 97 > Function, line 4: ReferenceError: RestrictSpecialChar is not defined
JavaScript error: https://www.jecjabalpur.ac.in/ScriptResource.axd?d=fvGPqJ11uiQX60R1GavZGE6ojg-fo8Ch8I7jjDuNvVf9ysf6J84zdCgCVqTGrpnbtcdc5yixGY_Qo-54yBRp6daZrS9HmGpaf7ldYBtOf71wdbqrG-tikitZVkhFlVA-Q7deFtYX5w-7G1xSnu5aQsliNvY1&t=634259264654344891 line 97 > Function, line 4: ReferenceError: RestrictSpecialChar is not defined
JavaScript error: https://www.jecjabalpur.ac.in/ScriptResource.axd?d=fvGPqJ11uiQX60R1GavZGE6ojg-fo8Ch8I7jjDuNvVf9ysf6J84zdCgCVqTGrpnbtcdc5yixGY_Qo-54yBRp6daZrS9HmGpaf7ldYBtOf71wdbqrG-tikitZVkhFlVA-Q7deFtYX5w-7G1xSnu5aQsliNvY1&t=634259264654344891 line 97 > Function, line 4: ReferenceError: RestrictSpecialChar is not defined
JavaScript error: https://www.jecjabalpur.ac.in/ScriptResource.axd?d=fvGPqJ11uiQX60R1GavZGE6ojg-fo8Ch8I7jjDuNvVf9ysf6J84zdCgCVqTGrpnbtcdc5yixGY_Qo-54yBRp6daZrS9HmGpaf7ldYBtOf71wdbqrG-tikitZVkhFlVA-Q7deFtYX5w-7G1xSnu5aQsliNvY1&t=634259264654344891 line 97 > Function, line 4: ReferenceError: RestrictSpecialChar is not defined
JavaScript error: https://www.jecjabalpur.ac.in/ScriptResource.axd?d=fvGPqJ11uiQX60R1GavZGE6ojg-fo8Ch8I7jjDuNvVf9ysf6J84zdCgCVqTGrpnbtcdc5yixGY_Qo-54yBRp6daZrS9HmGpaf7ldYBtOf71wdbqrG-tikitZVkhFlVA-Q7deFtYX5w-7G1xSnu5aQsliNvY1&t=634259264654344891 line 97 > Function, line 4: ReferenceError: RestrictSpecialChar is not defined
JavaScript error: https://www.jecjabalpur.ac.in/ScriptResource.axd?d=fvGPqJ11uiQX60R1GavZGE6ojg-fo8Ch8I7jjDuNvVf9ysf6J84zdCgCVqTGrpnbtcdc5yixGY_Qo-54yBRp6daZrS9HmGpaf7ldYBtOf71wdbqrG-tikitZVkhFlVA-Q7deFtYX5w-7G1xSnu5aQsliNvY1&t=634259264654344891 line 97 > Function, line 4: ReferenceError: RestrictSpecialChar is not defined
JavaScript error: https://www.jecjabalpur.ac.in/ScriptResource.axd?d=fvGPqJ11uiQX60R1GavZGE6ojg-fo8Ch8I7jjDuNvVf9ysf6J84zdCgCVqTGrpnbtcdc5yixGY_Qo-54yBRp6daZrS9HmGpaf7ldYBtOf71wdbqrG-tikitZVkhFlVA-Q7deFtYX5w-7G1xSnu5aQsliNvY1&t=634259264654344891 line 97 > Function, line 4: ReferenceError: RestrictSpecialChar is not defined
JavaScript error: https://www.jecjabalpur.ac.in/JS/start_demo.js, line 2: TypeError: document.getElementById(...) is null
1506403683884	Marionette	INFO	Ceased listening
1507468784239	geckodriver	INFO	geckodriver 0.18.0
1507468784264	geckodriver	INFO	Listening on 127.0.0.1:55803
1507468785506	geckodriver::marionette	INFO	Starting browser /usr/bin/firefox with args ["-marionette"]
1507468801337	Marionette	INFO	Listening on port 34667
1507468803233	Marionette	WARN	TLS certificate errors will be ignored for this session
1507468824535	Marionette	INFO	Ceased listening
1507468939801	geckodriver	INFO	geckodriver 0.18.0
1507468939878	geckodriver	INFO	Listening on 127.0.0.1:52187
1507468941114	geckodriver::marionette	INFO	Starting browser /usr/bin/firefox with args ["-marionette"]
1507468956155	Marionette	INFO	Listening on port 39661
1507468957078	Marionette	WARN	TLS certificate errors will be ignored for this session
JavaScript error: https://www.jecjabalpur.ac.in/ScriptResource.axd?d=EhH1o9IsPLzxQ-axoK9qSk-j77Zs4WtdDXmi2CPUeBnsepo0rkzHdT1KfvXHsrXfs4HD6s6pEzGPjATP0sM86N4ZgLnkOzNtG8nP_jR5aXxzNxpOEyDi5nHO_HI2-qubwVkoVbZbhBmaDclsRi9CbzAqG2c1&t=634259264654344891 line 97 > Function, line 4: ReferenceError: RestrictSpecialChar is not defined
JavaScript error: https://www.jecjabalpur.ac.in/ScriptResource.axd?d=EhH1o9IsPLzxQ-axoK9qSk-j77Zs4WtdDXmi2CPUeBnsepo0rkzHdT1KfvXHsrXfs4HD6s6pEzGPjATP0sM86N4ZgLnkOzNtG8nP_jR5aXxzNxpOEyDi5nHO_HI2-qubwVkoVbZbhBmaDclsRi9CbzAqG2c1&t=634259264654344891 line 97 > Function, line 4: ReferenceError: RestrictSpecialChar is not defined
JavaScript error: https://www.jecjabalpur.ac.in/ScriptResource.axd?d=EhH1o9IsPLzxQ-axoK9qSk-j77Zs4WtdDXmi2CPUeBnsepo0rkzHdT1KfvXHsrXfs4HD6s6pEzGPjATP0sM86N4ZgLnkOzNtG8nP_jR5aXxzNxpOEyDi5nHO_HI2-qubwVkoVbZbhBmaDclsRi9CbzAqG2c1&t=634259264654344891 line 97 > Function, line 4: ReferenceError: RestrictSpecialChar is not defined
JavaScript error: https://www.jecjabalpur.ac.in/ScriptResource.axd?d=EhH1o9IsPLzxQ-axoK9qSk-j77Zs4WtdDXmi2CPUeBnsepo0rkzHdT1KfvXHsrXfs4HD6s6pEzGPjATP0sM86N4ZgLnkOzNtG8nP_jR5aXxzNxpOEyDi5nHO_HI2-qubwVkoVbZbhBmaDclsRi9CbzAqG2c1&t=634259264654344891 line 97 > Function, line 4: ReferenceError: RestrictSpecialChar is not defined
JavaScript error: https://www.jecjabalpur.ac.in/ScriptResource.axd?d=EhH1o9IsPLzxQ-axoK9qSk-j77Zs4WtdDXmi2CPUeBnsepo0rkzHdT1KfvXHsrXfs4HD6s6pEzGPjATP0sM86N4ZgLnkOzNtG8nP_jR5aXxzNxpOEyDi5nHO_HI2-qubwVkoVbZbhBmaDclsRi9CbzAqG2c1&t=634259264654344891 line 97 > Function, line 4: ReferenceError: RestrictSpecialChar is not defined
JavaScript error: https://www.jecjabalpur.ac.in/ScriptResource.axd?d=EhH1o9IsPLzxQ-axoK9qSk-j77Zs4WtdDXmi2CPUeBnsepo0rkzHdT1KfvXHsrXfs4HD6s6pEzGPjATP0sM86N4ZgLnkOzNtG8nP_jR5aXxzNxpOEyDi5nHO_HI2-qubwVkoVbZbhBmaDclsRi9CbzAqG2c1&t=634259264654344891 line 97 > Function, line 4: ReferenceError: RestrictSpecialChar is not defined
JavaScript error: https://www.jecjabalpur.ac.in/ScriptResource.axd?d=EhH1o9IsPLzxQ-axoK9qSk-j77Zs4WtdDXmi2CPUeBnsepo0rkzHdT1KfvXHsrXfs4HD6s6pEzGPjATP0sM86N4ZgLnkOzNtG8nP_jR5aXxzNxpOEyDi5nHO_HI2-qubwVkoVbZbhBmaDclsRi9CbzAqG2c1&t=634259264654344891 line 97 > Function, line 4: ReferenceError: RestrictSpecialChar is not defined
JavaScript error: https://www.jecjabalpur.ac.in/ScriptResource.axd?d=EhH1o9IsPLzxQ-axoK9qSk-j77Zs4WtdDXmi2CPUeBnsepo0rkzHdT1KfvXHsrXfs4HD6s6pEzGPjATP0sM86N4ZgLnkOzNtG8nP_jR5aXxzNxpOEyDi5nHO_HI2-qubwVkoVbZbhBmaDclsRi9CbzAqG2c1&t=634259264654344891 line 97 > Function, line 4: ReferenceError: RestrictSpecialChar is not defined
JavaScript error: https://www.jecjabalpur.ac.in/ScriptResource.axd?d=EhH1o9IsPLzxQ-axoK9qSk-j77Zs4WtdDXmi2CPUeBnsepo0rkzHdT1KfvXHsrXfs4HD6s6pEzGPjATP0sM86N4ZgLnkOzNtG8nP_jR5aXxzNxpOEyDi5nHO_HI2-qubwVkoVbZbhBmaDclsRi9CbzAqG2c1&t=634259264654344891 line 97 > Function, line 4: ReferenceError: RestrictSpecialChar is not defined
JavaScript error: https://www.jecjabalpur.ac.in/ScriptResource.axd?d=EhH1o9IsPLzxQ-axoK9qSk-j77Zs4WtdDXmi2CPUeBnsepo0rkzHdT1KfvXHsrXfs4HD6s6pEzGPjATP0sM86N4ZgLnkOzNtG8nP_jR5aXxzNxpOEyDi5nHO_HI2-qubwVkoVbZbhBmaDclsRi9CbzAqG2c1&t=634259264654344891 line 97 > Function, line 4: ReferenceError: RestrictSpecialChar is not defined
JavaScript error: https://www.jecjabalpur.ac.in/ScriptResource.axd?d=EhH1o9IsPLzxQ-axoK9qSk-j77Zs4WtdDXmi2CPUeBnsepo0rkzHdT1KfvXHsrXfs4HD6s6pEzGPjATP0sM86N4ZgLnkOzNtG8nP_jR5aXxzNxpOEyDi5nHO_HI2-qubwVkoVbZbhBmaDclsRi9CbzAqG2c1&t=634259264654344891 line 97 > Function, line 4: ReferenceError: RestrictSpecialChar is not defined
JavaScript error: https://www.jecjabalpur.ac.in/ScriptResource.axd?d=EhH1o9IsPLzxQ-axoK9qSk-j77Zs4WtdDXmi2CPUeBnsepo0rkzHdT1KfvXHsrXfs4HD6s6pEzGPjATP0sM86N4ZgLnkOzNtG8nP_jR5aXxzNxpOEyDi5nHO_HI2-qubwVkoVbZbhBmaDclsRi9CbzAqG2c1&t=634259264654344891 line 97 > Function, line 4: ReferenceError: RestrictSpecialChar is not defined
JavaScript error: https://www.jecjabalpur.ac.in/ScriptResource.axd?d=EhH1o9IsPLzxQ-axoK9qSk-j77Zs4WtdDXmi2CPUeBnsepo0rkzHdT1KfvXHsrXfs4HD6s6pEzGPjATP0sM86N4ZgLnkOzNtG8nP_jR5aXxzNxpOEyDi5nHO_HI2-qubwVkoVbZbhBmaDclsRi9CbzAqG2c1&t=634259264654344891 line 97 > Function, line 4: ReferenceError: RestrictSpecialChar is not defined
JavaScript error: https://www.jecjabalpur.ac.in/ScriptResource.axd?d=EhH1o9IsPLzxQ-axoK9qSk-j77Zs4WtdDXmi2CPUeBnsepo0rkzHdT1KfvXHsrXfs4HD6s6pEzGPjATP0sM86N4ZgLnkOzNtG8nP_jR5aXxzNxpOEyDi5nHO_HI2-qubwVkoVbZbhBmaDclsRi9CbzAqG2c1&t=634259264654344891 line 97 > Function, line 4: ReferenceError: RestrictSpecialChar is not defined
JavaScript error: https://www.jecjabalpur.ac.in/ScriptResource.axd?d=EhH1o9IsPLzxQ-axoK9qSk-j77Zs4WtdDXmi2CPUeBnsepo0rkzHdT1KfvXHsrXfs4HD6s6pEzGPjATP0sM86N4ZgLnkOzNtG8nP_jR5aXxzNxpOEyDi5nHO_HI2-qubwVkoVbZbhBmaDclsRi9CbzAqG2c1&t=634259264654344891 line 97 > Function, line 4: ReferenceError: RestrictSpecialChar is not defined
JavaScript error: https://www.jecjabalpur.ac.in/ScriptResource.axd?d=EhH1o9IsPLzxQ-axoK9qSk-j77Zs4WtdDXmi2CPUeBnsepo0rkzHdT1KfvXHsrXfs4HD6s6pEzGPjATP0sM86N4ZgLnkOzNtG8nP_jR5aXxzNxpOEyDi5nHO_HI2-qubwVkoVbZbhBmaDclsRi9CbzAqG2c1&t=634259264654344891 line 97 > Function, line 4: ReferenceError: RestrictSpecialChar is not defined
JavaScript error: https://www.jecjabalpur.ac.in/ScriptResource.axd?d=EhH1o9IsPLzxQ-axoK9qSk-j77Zs4WtdDXmi2CPUeBnsepo0rkzHdT1KfvXHsrXfs4HD6s6pEzGPjATP0sM86N4ZgLnkOzNtG8nP_jR5aXxzNxpOEyDi5nHO_HI2-qubwVkoVbZbhBmaDclsRi9CbzAqG2c1&t=634259264654344891 line 97 > Function, line 4: ReferenceError: RestrictSpecialChar is not defined
JavaScript error: https://www.jecjabalpur.ac.in/ScriptResource.axd?d=EhH1o9IsPLzxQ-axoK9qSk-j77Zs4WtdDXmi2CPUeBnsepo0rkzHdT1KfvXHsrXfs4HD6s6pEzGPjATP0sM86N4ZgLnkOzNtG8nP_jR5aXxzNxpOEyDi5nHO_HI2-qubwVkoVbZbhBmaDclsRi9CbzAqG2c1&t=634259264654344891 line 97 > Function, line 4: ReferenceError: RestrictSpecialChar is not defined
JavaScript error: https://www.jecjabalpur.ac.in/ScriptResource.axd?d=EhH1o9IsPLzxQ-axoK9qSk-j77Zs4WtdDXmi2CPUeBnsepo0rkzHdT1KfvXHsrXfs4HD6s6pEzGPjATP0sM86N4ZgLnkOzNtG8nP_jR5aXxzNxpOEyDi5nHO_HI2-qubwVkoVbZbhBmaDclsRi9CbzAqG2c1&t=634259264654344891 line 97 > Function, line 4: ReferenceError: RestrictSpecialChar is not defined
JavaScript error: https://www.jecjabalpur.ac.in/ScriptResource.axd?d=EhH1o9IsPLzxQ-axoK9qSk-j77Zs4WtdDXmi2CPUeBnsepo0rkzHdT1KfvXHsrXfs4HD6s6pEzGPjATP0sM86N4ZgLnkOzNtG8nP_jR5aXxzNxpOEyDi5nHO_HI2-qubwVkoVbZbhBmaDclsRi9CbzAqG2c1&t=634259264654344891 line 97 > Function, line 4: ReferenceError: RestrictSpecialChar is not defined
JavaScript error: https://www.jecjabalpur.ac.in/JS/start_demo.js, line 2: TypeError: document.getElementById(...) is null
1507469009782	Marionette	INFO	Ceased listening
1514207647827	geckodriver	INFO	geckodriver 0.18.0
1514207647862	geckodriver	INFO	Listening on 127.0.0.1:35477
1514207648184	geckodriver::marionette	INFO	Starting browser /usr/bin/firefox with args ["-marionette"]
1514207656808	Marionette	INFO	Listening on port 44175
1514207657250	Marionette	WARN	TLS certificate errors will be ignored for this session
JavaScript error: https://www.jecjabalpur.ac.in/ScriptResource.axd?d=SYvKcdX5aPCNNyWqscs_S4hFA3Lewfp8VlxHKSHgFBPkwRlzV1LXJQdo--fM72EWEe0gs599pKqRMI-oFyHflj9wsOPePee6qHttWhFzKQFUvbiABhqGsP3TES8Jd_PPfLPbO82iIGDjj7wIGHU-IMCW6KM1&t=634259264654344891 line 97 > Function, line 4: ReferenceError: RestrictSpecialChar is not defined
JavaScript error: https://www.jecjabalpur.ac.in/ScriptResource.axd?d=SYvKcdX5aPCNNyWqscs_S4hFA3Lewfp8VlxHKSHgFBPkwRlzV1LXJQdo--fM72EWEe0gs599pKqRMI-oFyHflj9wsOPePee6qHttWhFzKQFUvbiABhqGsP3TES8Jd_PPfLPbO82iIGDjj7wIGHU-IMCW6KM1&t=634259264654344891 line 97 > Function, line 4: ReferenceError: RestrictSpecialChar is not defined
JavaScript error: https://www.jecjabalpur.ac.in/ScriptResource.axd?d=SYvKcdX5aPCNNyWqscs_S4hFA3Lewfp8VlxHKSHgFBPkwRlzV1LXJQdo--fM72EWEe0gs599pKqRMI-oFyHflj9wsOPePee6qHttWhFzKQFUvbiABhqGsP3TES8Jd_PPfLPbO82iIGDjj7wIGHU-IMCW6KM1&t=634259264654344891 line 97 > Function, line 4: ReferenceError: RestrictSpecialChar is not defined
JavaScript error: https://www.jecjabalpur.ac.in/ScriptResource.axd?d=SYvKcdX5aPCNNyWqscs_S4hFA3Lewfp8VlxHKSHgFBPkwRlzV1LXJQdo--fM72EWEe0gs599pKqRMI-oFyHflj9wsOPePee6qHttWhFzKQFUvbiABhqGsP3TES8Jd_PPfLPbO82iIGDjj7wIGHU-IMCW6KM1&t=634259264654344891 line 97 > Function, line 4: ReferenceError: RestrictSpecialChar is not defined
JavaScript error: https://www.jecjabalpur.ac.in/ScriptResource.axd?d=SYvKcdX5aPCNNyWqscs_S4hFA3Lewfp8VlxHKSHgFBPkwRlzV1LXJQdo--fM72EWEe0gs599pKqRMI-oFyHflj9wsOPePee6qHttWhFzKQFUvbiABhqGsP3TES8Jd_PPfLPbO82iIGDjj7wIGHU-IMCW6KM1&t=634259264654344891 line 97 > Function, line 4: ReferenceError: RestrictSpecialChar is not defined
JavaScript error: https://www.jecjabalpur.ac.in/ScriptResource.axd?d=SYvKcdX5aPCNNyWqscs_S4hFA3Lewfp8VlxHKSHgFBPkwRlzV1LXJQdo--fM72EWEe0gs599pKqRMI-oFyHflj9wsOPePee6qHttWhFzKQFUvbiABhqGsP3TES8Jd_PPfLPbO82iIGDjj7wIGHU-IMCW6KM1&t=634259264654344891 line 97 > Function, line 4: ReferenceError: RestrictSpecialChar is not defined
JavaScript error: https://www.jecjabalpur.ac.in/ScriptResource.axd?d=SYvKcdX5aPCNNyWqscs_S4hFA3Lewfp8VlxHKSHgFBPkwRlzV1LXJQdo--fM72EWEe0gs599pKqRMI-oFyHflj9wsOPePee6qHttWhFzKQFUvbiABhqGsP3TES8Jd_PPfLPbO82iIGDjj7wIGHU-IMCW6KM1&t=634259264654344891 line 97 > Function, line 4: ReferenceError: RestrictSpecialChar is not defined
JavaScript error: https://www.jecjabalpur.ac.in/ScriptResource.axd?d=SYvKcdX5aPCNNyWqscs_S4hFA3Lewfp8VlxHKSHgFBPkwRlzV1LXJQdo--fM72EWEe0gs599pKqRMI-oFyHflj9wsOPePee6qHttWhFzKQFUvbiABhqGsP3TES8Jd_PPfLPbO82iIGDjj7wIGHU-IMCW6KM1&t=634259264654344891 line 97 > Function, line 4: ReferenceError: RestrictSpecialChar is not defined
JavaScript error: https://www.jecjabalpur.ac.in/ScriptResource.axd?d=SYvKcdX5aPCNNyWqscs_S4hFA3Lewfp8VlxHKSHgFBPkwRlzV1LXJQdo--fM72EWEe0gs599pKqRMI-oFyHflj9wsOPePee6qHttWhFzKQFUvbiABhqGsP3TES8Jd_PPfLPbO82iIGDjj7wIGHU-IMCW6KM1&t=634259264654344891 line 97 > Function, line 4: ReferenceError: RestrictSpecialChar is not defined
JavaScript error: https://www.jecjabalpur.ac.in/ScriptResource.axd?d=SYvKcdX5aPCNNyWqscs_S4hFA3Lewfp8VlxHKSHgFBPkwRlzV1LXJQdo--fM72EWEe0gs599pKqRMI-oFyHflj9wsOPePee6qHttWhFzKQFUvbiABhqGsP3TES8Jd_PPfLPbO82iIGDjj7wIGHU-IMCW6KM1&t=634259264654344891 line 97 > Function, line 4: ReferenceError: RestrictSpecialChar is not defined
JavaScript error: https://www.jecjabalpur.ac.in/ScriptResource.axd?d=SYvKcdX5aPCNNyWqscs_S4hFA3Lewfp8VlxHKSHgFBPkwRlzV1LXJQdo--fM72EWEe0gs599pKqRMI-oFyHflj9wsOPePee6qHttWhFzKQFUvbiABhqGsP3TES8Jd_PPfLPbO82iIGDjj7wIGHU-IMCW6KM1&t=634259264654344891 line 97 > Function, line 4: ReferenceError: RestrictSpecialChar is not defined
JavaScript error: https://www.jecjabalpur.ac.in/ScriptResource.axd?d=SYvKcdX5aPCNNyWqscs_S4hFA3Lewfp8VlxHKSHgFBPkwRlzV1LXJQdo--fM72EWEe0gs599pKqRMI-oFyHflj9wsOPePee6qHttWhFzKQFUvbiABhqGsP3TES8Jd_PPfLPbO82iIGDjj7wIGHU-IMCW6KM1&t=634259264654344891 line 97 > Function, line 4: ReferenceError: RestrictSpecialChar is not defined
JavaScript error: https://www.jecjabalpur.ac.in/ScriptResource.axd?d=SYvKcdX5aPCNNyWqscs_S4hFA3Lewfp8VlxHKSHgFBPkwRlzV1LXJQdo--fM72EWEe0gs599pKqRMI-oFyHflj9wsOPePee6qHttWhFzKQFUvbiABhqGsP3TES8Jd_PPfLPbO82iIGDjj7wIGHU-IMCW6KM1&t=634259264654344891 line 97 > Function, line 4: ReferenceError: RestrictSpecialChar is not defined
JavaScript error: https://www.jecjabalpur.ac.in/ScriptResource.axd?d=SYvKcdX5aPCNNyWqscs_S4hFA3Lewfp8VlxHKSHgFBPkwRlzV1LXJQdo--fM72EWEe0gs599pKqRMI-oFyHflj9wsOPePee6qHttWhFzKQFUvbiABhqGsP3TES8Jd_PPfLPbO82iIGDjj7wIGHU-IMCW6KM1&t=634259264654344891 line 97 > Function, line 4: ReferenceError: RestrictSpecialChar is not defined
JavaScript error: https://www.jecjabalpur.ac.in/ScriptResource.axd?d=SYvKcdX5aPCNNyWqscs_S4hFA3Lewfp8VlxHKSHgFBPkwRlzV1LXJQdo--fM72EWEe0gs599pKqRMI-oFyHflj9wsOPePee6qHttWhFzKQFUvbiABhqGsP3TES8Jd_PPfLPbO82iIGDjj7wIGHU-IMCW6KM1&t=634259264654344891 line 97 > Function, line 4: ReferenceError: RestrictSpecialChar is not defined
JavaScript error: https://www.jecjabalpur.ac.in/ScriptResource.axd?d=SYvKcdX5aPCNNyWqscs_S4hFA3Lewfp8VlxHKSHgFBPkwRlzV1LXJQdo--fM72EWEe0gs599pKqRMI-oFyHflj9wsOPePee6qHttWhFzKQFUvbiABhqGsP3TES8Jd_PPfLPbO82iIGDjj7wIGHU-IMCW6KM1&t=634259264654344891 line 97 > Function, line 4: ReferenceError: RestrictSpecialChar is not defined
JavaScript error: https://www.jecjabalpur.ac.in/ScriptResource.axd?d=SYvKcdX5aPCNNyWqscs_S4hFA3Lewfp8VlxHKSHgFBPkwRlzV1LXJQdo--fM72EWEe0gs599pKqRMI-oFyHflj9wsOPePee6qHttWhFzKQFUvbiABhqGsP3TES8Jd_PPfLPbO82iIGDjj7wIGHU-IMCW6KM1&t=634259264654344891 line 97 > Function, line 4: ReferenceError: RestrictSpecialChar is not defined
JavaScript error: https://www.jecjabalpur.ac.in/ScriptResource.axd?d=SYvKcdX5aPCNNyWqscs_S4hFA3Lewfp8VlxHKSHgFBPkwRlzV1LXJQdo--fM72EWEe0gs599pKqRMI-oFyHflj9wsOPePee6qHttWhFzKQFUvbiABhqGsP3TES8Jd_PPfLPbO82iIGDjj7wIGHU-IMCW6KM1&t=634259264654344891 line 97 > Function, line 4: ReferenceError: RestrictSpecialChar is not defined
JavaScript error: https://www.jecjabalpur.ac.in/ScriptResource.axd?d=SYvKcdX5aPCNNyWqscs_S4hFA3Lewfp8VlxHKSHgFBPkwRlzV1LXJQdo--fM72EWEe0gs599pKqRMI-oFyHflj9wsOPePee6qHttWhFzKQFUvbiABhqGsP3TES8Jd_PPfLPbO82iIGDjj7wIGHU-IMCW6KM1&t=634259264654344891 line 97 > Function, line 4: ReferenceError: RestrictSpecialChar is not defined
JavaScript error: https://www.jecjabalpur.ac.in/ScriptResource.axd?d=SYvKcdX5aPCNNyWqscs_S4hFA3Lewfp8VlxHKSHgFBPkwRlzV1LXJQdo--fM72EWEe0gs599pKqRMI-oFyHflj9wsOPePee6qHttWhFzKQFUvbiABhqGsP3TES8Jd_PPfLPbO82iIGDjj7wIGHU-IMCW6KM1&t=634259264654344891 line 97 > Function, line 4: ReferenceError: RestrictSpecialChar is not defined
JavaScript error: https://www.jecjabalpur.ac.in/JS/start_demo.js, line 2: TypeError: document.getElementById(...) is null
1514207719145	addons.productaddons	WARN	Failed downloading XML, status: 0, reason: error
1514207719508	Marionette	INFO	Ceased listening
